c:\users\admin\desktop\graduation poject(load balance)\그물형 서버\서버졸업작품 -분산 작업 (2)\서버 졸업작품\dummyclient\iocpserver\x64\debug\dummyclient.pch
c:\users\admin\desktop\graduation poject(load balance)\그물형 서버\서버졸업작품 -분산 작업 (2)\서버 졸업작품\dummyclient\iocpserver\x64\debug\vc141.pdb
c:\users\admin\desktop\graduation poject(load balance)\그물형 서버\서버졸업작품 -분산 작업 (2)\서버 졸업작품\dummyclient\iocpserver\x64\debug\vc141.idb
c:\users\admin\desktop\graduation poject(load balance)\그물형 서버\서버졸업작품 -분산 작업 (2)\서버 졸업작품\dummyclient\iocpserver\x64\debug\stdafx.obj
c:\users\admin\desktop\graduation poject(load balance)\그물형 서버\서버졸업작품 -분산 작업 (2)\서버 졸업작품\dummyclient\iocpserver\x64\debug\main.obj
c:\users\admin\desktop\graduation poject(load balance)\그물형 서버\서버졸업작품 -분산 작업 (2)\서버 졸업작품\dummyclient\iocpserver\x64\debug\tinyxmlparser.obj
c:\users\admin\desktop\graduation poject(load balance)\그물형 서버\서버졸업작품 -분산 작업 (2)\서버 졸업작품\dummyclient\iocpserver\x64\debug\tinyxmlerror.obj
c:\users\admin\desktop\graduation poject(load balance)\그물형 서버\서버졸업작품 -분산 작업 (2)\서버 졸업작품\dummyclient\iocpserver\x64\debug\tinyxml.obj
c:\users\admin\desktop\graduation poject(load balance)\그물형 서버\서버졸업작품 -분산 작업 (2)\서버 졸업작품\dummyclient\iocpserver\x64\debug\tinystr.obj
c:\users\admin\desktop\graduation poject(load balance)\그물형 서버\서버졸업작품 -분산 작업 (2)\서버 졸업작품\dummyclient\iocpserver\x64\debug\session.obj
c:\users\admin\desktop\graduation poject(load balance)\그물형 서버\서버졸업작품 -분산 작업 (2)\서버 졸업작품\dummyclient\iocpserver\x64\debug\server.obj
c:\users\admin\desktop\graduation poject(load balance)\그물형 서버\서버졸업작품 -분산 작업 (2)\서버 졸업작품\dummyclient\iocpserver\x64\debug\packetprocess.obj
c:\users\admin\desktop\graduation poject(load balance)\그물형 서버\서버졸업작품 -분산 작업 (2)\서버 졸업작품\dummyclient\iocpserver\x64\debug\packetmaker.obj
c:\users\admin\desktop\graduation poject(load balance)\그물형 서버\서버졸업작품 -분산 작업 (2)\서버 졸업작품\dummyclient\iocpserver\x64\debug\database.obj
c:\users\admin\desktop\graduation poject(load balance)\그물형 서버\서버졸업작품 -분산 작업 (2)\서버 졸업작품\dummyclient\iocpserver\x64\debug\contentsprocess.obj
c:\users\admin\desktop\graduation poject(load balance)\그물형 서버\서버졸업작품 -분산 작업 (2)\서버 졸업작품\dummyclient\iocpserver\x64\debug\clock.obj
c:\users\admin\desktop\졸작0321성능평가\그물형 서버\서버졸업작품 -분산 작업 (2)\서버 졸업작품\dummyclient\iocpserver\x64\debug\dummyclient.pch
c:\users\admin\desktop\졸작0321성능평가\그물형 서버\서버졸업작품 -분산 작업 (2)\서버 졸업작품\dummyclient\iocpserver\x64\debug\vc141.pdb
c:\users\admin\desktop\졸작0321성능평가\그물형 서버\서버졸업작품 -분산 작업 (2)\서버 졸업작품\dummyclient\iocpserver\x64\debug\vc141.idb
c:\users\admin\desktop\졸작0321성능평가\그물형 서버\서버졸업작품 -분산 작업 (2)\서버 졸업작품\dummyclient\iocpserver\x64\debug\stdafx.obj
c:\users\admin\desktop\졸작0321성능평가\그물형 서버\서버졸업작품 -분산 작업 (2)\서버 졸업작품\dummyclient\iocpserver\x64\debug\main.obj
c:\users\admin\desktop\졸작0321성능평가\그물형 서버\서버졸업작품 -분산 작업 (2)\서버 졸업작품\dummyclient\iocpserver\x64\debug\tinyxmlparser.obj
c:\users\admin\desktop\졸작0321성능평가\그물형 서버\서버졸업작품 -분산 작업 (2)\서버 졸업작품\dummyclient\iocpserver\x64\debug\tinyxmlerror.obj
c:\users\admin\desktop\졸작0321성능평가\그물형 서버\서버졸업작품 -분산 작업 (2)\서버 졸업작품\dummyclient\iocpserver\x64\debug\tinyxml.obj
c:\users\admin\desktop\졸작0321성능평가\그물형 서버\서버졸업작품 -분산 작업 (2)\서버 졸업작품\dummyclient\iocpserver\x64\debug\tinystr.obj
c:\users\admin\desktop\졸작0321성능평가\그물형 서버\서버졸업작품 -분산 작업 (2)\서버 졸업작품\dummyclient\iocpserver\x64\debug\session.obj
c:\users\admin\desktop\졸작0321성능평가\그물형 서버\서버졸업작품 -분산 작업 (2)\서버 졸업작품\dummyclient\iocpserver\x64\debug\server.obj
c:\users\admin\desktop\졸작0321성능평가\그물형 서버\서버졸업작품 -분산 작업 (2)\서버 졸업작품\dummyclient\iocpserver\x64\debug\packetprocess.obj
c:\users\admin\desktop\졸작0321성능평가\그물형 서버\서버졸업작품 -분산 작업 (2)\서버 졸업작품\dummyclient\iocpserver\x64\debug\packetmaker.obj
c:\users\admin\desktop\졸작0321성능평가\그물형 서버\서버졸업작품 -분산 작업 (2)\서버 졸업작품\dummyclient\iocpserver\x64\debug\database.obj
c:\users\admin\desktop\졸작0321성능평가\그물형 서버\서버졸업작품 -분산 작업 (2)\서버 졸업작품\dummyclient\iocpserver\x64\debug\contentsprocess.obj
c:\users\admin\desktop\졸작0321성능평가\그물형 서버\서버졸업작품 -분산 작업 (2)\서버 졸업작품\dummyclient\iocpserver\x64\debug\clock.obj
c:\users\admin\desktop\졸작0321성능평가 - 복사본\그물형 서버\서버졸업작품 -분산 작업 (2)\서버 졸업작품\dummyclient\iocpserver\x64\debug\dummyclient.pch
c:\users\admin\desktop\졸작0321성능평가 - 복사본\그물형 서버\서버졸업작품 -분산 작업 (2)\서버 졸업작품\dummyclient\iocpserver\x64\debug\vc141.pdb
c:\users\admin\desktop\졸작0321성능평가 - 복사본\그물형 서버\서버졸업작품 -분산 작업 (2)\서버 졸업작품\dummyclient\iocpserver\x64\debug\vc141.idb
c:\users\admin\desktop\졸작0321성능평가 - 복사본\그물형 서버\서버졸업작품 -분산 작업 (2)\서버 졸업작품\dummyclient\iocpserver\x64\debug\stdafx.obj
c:\users\admin\desktop\졸작0321성능평가 - 복사본\그물형 서버\서버졸업작품 -분산 작업 (2)\서버 졸업작품\dummyclient\iocpserver\x64\debug\tinyxmlparser.obj
c:\users\admin\desktop\졸작0321성능평가 - 복사본\그물형 서버\서버졸업작품 -분산 작업 (2)\서버 졸업작품\dummyclient\iocpserver\x64\debug\tinyxmlerror.obj
c:\users\admin\desktop\졸작0321성능평가 - 복사본\그물형 서버\서버졸업작품 -분산 작업 (2)\서버 졸업작품\dummyclient\iocpserver\x64\debug\tinyxml.obj
c:\users\admin\desktop\졸작0321성능평가 - 복사본\그물형 서버\서버졸업작품 -분산 작업 (2)\서버 졸업작품\dummyclient\iocpserver\x64\debug\tinystr.obj
c:\users\admin\desktop\졸작0321성능평가 - 복사본\그물형 서버\서버졸업작품 -분산 작업 (2)\서버 졸업작품\dummyclient\iocpserver\x64\debug\session.obj
c:\users\admin\desktop\졸작0321성능평가 - 복사본\그물형 서버\서버졸업작품 -분산 작업 (2)\서버 졸업작품\dummyclient\iocpserver\x64\debug\server.obj
c:\users\admin\desktop\졸작0321성능평가 - 복사본\그물형 서버\서버졸업작품 -분산 작업 (2)\서버 졸업작품\dummyclient\iocpserver\x64\debug\packetprocess.obj
c:\users\admin\desktop\졸작0321성능평가 - 복사본\그물형 서버\서버졸업작품 -분산 작업 (2)\서버 졸업작품\dummyclient\iocpserver\x64\debug\packetmaker.obj
c:\users\admin\desktop\졸작0321성능평가 - 복사본\그물형 서버\서버졸업작품 -분산 작업 (2)\서버 졸업작품\dummyclient\iocpserver\x64\debug\main.obj
c:\users\admin\desktop\졸작0321성능평가 - 복사본\그물형 서버\서버졸업작품 -분산 작업 (2)\서버 졸업작품\dummyclient\iocpserver\x64\debug\database.obj
c:\users\admin\desktop\졸작0321성능평가 - 복사본\그물형 서버\서버졸업작품 -분산 작업 (2)\서버 졸업작품\dummyclient\iocpserver\x64\debug\contentsprocess.obj
c:\users\admin\desktop\졸작0321성능평가 - 복사본\그물형 서버\서버졸업작품 -분산 작업 (2)\서버 졸업작품\dummyclient\iocpserver\x64\debug\clock.obj
c:\users\admin\desktop\graduation poject(load balance)\그물형 서버\서버졸업작품 -분산 작업 (2)\서버 졸업작품\dummyclient\x64\debug\dummyclient.exe
c:\users\admin\desktop\graduation poject(load balance)\그물형 서버\서버졸업작품 -분산 작업 (2)\서버 졸업작품\dummyclient\x64\debug\dummyclient.ilk
c:\users\admin\desktop\graduation poject(load balance)\그물형 서버\서버졸업작품 -분산 작업 (2)\서버 졸업작품\dummyclient\x64\debug\dummyclient.pdb
c:\users\admin\desktop\졸작0321성능평가\그물형 서버\서버졸업작품 -분산 작업 (2)\서버 졸업작품\dummyclient\x64\debug\dummyclient.exe
c:\users\admin\desktop\졸작0321성능평가\그물형 서버\서버졸업작품 -분산 작업 (2)\서버 졸업작품\dummyclient\x64\debug\dummyclient.ilk
c:\users\admin\desktop\졸작0321성능평가\그물형 서버\서버졸업작품 -분산 작업 (2)\서버 졸업작품\dummyclient\x64\debug\dummyclient.pdb
c:\users\admin\desktop\졸작0321성능평가 - 복사본\그물형 서버\서버졸업작품 -분산 작업 (2)\서버 졸업작품\dummyclient\x64\debug\dummyclient.exe
c:\users\admin\desktop\졸작0321성능평가 - 복사본\그물형 서버\서버졸업작품 -분산 작업 (2)\서버 졸업작품\dummyclient\x64\debug\dummyclient.ilk
c:\users\admin\desktop\졸작0321성능평가 - 복사본\그물형 서버\서버졸업작품 -분산 작업 (2)\서버 졸업작품\dummyclient\x64\debug\dummyclient.pdb
c:\users\admin\desktop\졸작0321성능평가 - 복사본\그물형 서버\서버졸업작품 -분산 작업 (2)\서버 졸업작품\dummyclient\iocpserver\x64\debug\dummyclient.tlog\cl.command.1.tlog
c:\users\admin\desktop\졸작0321성능평가 - 복사본\그물형 서버\서버졸업작품 -분산 작업 (2)\서버 졸업작품\dummyclient\iocpserver\x64\debug\dummyclient.tlog\cl.read.1.tlog
c:\users\admin\desktop\졸작0321성능평가 - 복사본\그물형 서버\서버졸업작품 -분산 작업 (2)\서버 졸업작품\dummyclient\iocpserver\x64\debug\dummyclient.tlog\cl.write.1.tlog
c:\users\admin\desktop\졸작0321성능평가 - 복사본\그물형 서버\서버졸업작품 -분산 작업 (2)\서버 졸업작품\dummyclient\iocpserver\x64\debug\dummyclient.tlog\link.command.1.tlog
c:\users\admin\desktop\졸작0321성능평가 - 복사본\그물형 서버\서버졸업작품 -분산 작업 (2)\서버 졸업작품\dummyclient\iocpserver\x64\debug\dummyclient.tlog\link.read.1.tlog
c:\users\admin\desktop\졸작0321성능평가 - 복사본\그물형 서버\서버졸업작품 -분산 작업 (2)\서버 졸업작품\dummyclient\iocpserver\x64\debug\dummyclient.tlog\link.write.1.tlog
