c:\users\admin\desktop\1126졸업작품\1126졸업작품\1120졸업작품\iocpserver\iocpserver\x64\debug\iocpserver.pch
c:\users\admin\desktop\1126졸업작품\1126졸업작품\1120졸업작품\iocpserver\iocpserver\x64\debug\vc141.pdb
c:\users\admin\desktop\1126졸업작품\1126졸업작품\1120졸업작품\iocpserver\iocpserver\x64\debug\vc141.idb
c:\users\admin\desktop\1126졸업작품\1126졸업작품\1120졸업작품\iocpserver\iocpserver\x64\debug\stdafx.obj
c:\users\admin\desktop\1126졸업작품\1126졸업작품\1120졸업작품\iocpserver\iocpserver\x64\debug\main.obj
c:\users\admin\desktop\1126졸업작품\1126졸업작품\1120졸업작품\iocpserver\iocpserver\x64\debug\tinyxmlparser.obj
c:\users\admin\desktop\1126졸업작품\1126졸업작품\1120졸업작품\iocpserver\iocpserver\x64\debug\tinyxmlerror.obj
c:\users\admin\desktop\1126졸업작품\1126졸업작품\1120졸업작품\iocpserver\iocpserver\x64\debug\tinyxml.obj
c:\users\admin\desktop\1126졸업작품\1126졸업작품\1120졸업작품\iocpserver\iocpserver\x64\debug\tinystr.obj
c:\users\admin\desktop\1126졸업작품\1126졸업작품\1120졸업작품\iocpserver\iocpserver\x64\debug\session.obj
c:\users\admin\desktop\1126졸업작품\1126졸업작품\1120졸업작품\iocpserver\iocpserver\x64\debug\server.obj
c:\users\admin\desktop\1126졸업작품\1126졸업작품\1120졸업작품\iocpserver\iocpserver\x64\debug\packetprocess.obj
c:\users\admin\desktop\1126졸업작품\1126졸업작품\1120졸업작품\iocpserver\iocpserver\x64\debug\packetmaker.obj
c:\users\admin\desktop\1126졸업작품\1126졸업작품\1120졸업작품\iocpserver\iocpserver\x64\debug\database.obj
c:\users\admin\desktop\1126졸업작품\1126졸업작품\1120졸업작품\iocpserver\iocpserver\x64\debug\contentsprocess.obj
c:\users\admin\desktop\1126졸업작품\1126졸업작품\1120졸업작품\iocpserver\iocpserver\x64\debug\clock.obj
c:\users\admin\desktop\1126졸업작품\1126졸업작품\1120졸업작품\iocpserver\x64\debug\iocpserver.exe
c:\users\admin\desktop\1126졸업작품\1126졸업작품\1120졸업작품\iocpserver\x64\debug\iocpserver.ilk
c:\users\admin\desktop\1126졸업작품\1126졸업작품\1120졸업작품\iocpserver\x64\debug\iocpserver.pdb
c:\users\admin\desktop\1126졸업작품\1126졸업작품\1120졸업작품\iocpserver\iocpserver\x64\debug\packetprocess.obj.enc
c:\users\admin\desktop\1126졸업작품\1126졸업작품\1120졸업작품\iocpserver\iocpserver\x64\debug\iocpserver.tlog\cl.command.1.tlog
c:\users\admin\desktop\1126졸업작품\1126졸업작품\1120졸업작품\iocpserver\iocpserver\x64\debug\iocpserver.tlog\cl.read.1.tlog
c:\users\admin\desktop\1126졸업작품\1126졸업작품\1120졸업작품\iocpserver\iocpserver\x64\debug\iocpserver.tlog\cl.write.1.tlog
c:\users\admin\desktop\1126졸업작품\1126졸업작품\1120졸업작품\iocpserver\iocpserver\x64\debug\iocpserver.tlog\link.command.1.tlog
c:\users\admin\desktop\1126졸업작품\1126졸업작품\1120졸업작품\iocpserver\iocpserver\x64\debug\iocpserver.tlog\link.read.1.tlog
c:\users\admin\desktop\1126졸업작품\1126졸업작품\1120졸업작품\iocpserver\iocpserver\x64\debug\iocpserver.tlog\link.write.1.tlog
