c:\users\admin\desktop\졸업작품\그물형 서버\staticserverlib\staticserverlib\x64\debug\staticserverlib.pch
c:\users\admin\desktop\졸업작품\그물형 서버\staticserverlib\staticserverlib\x64\debug\staticserverlib.pdb
c:\users\admin\desktop\졸업작품\그물형 서버\staticserverlib\staticserverlib\x64\debug\staticserverlib.idb
c:\users\admin\desktop\졸업작품\그물형 서버\staticserverlib\staticserverlib\x64\debug\stdafx.obj
c:\users\admin\desktop\졸업작품\그물형 서버\staticserverlib\staticserverlib\x64\debug\tinyxmlparser.obj
c:\users\admin\desktop\졸업작품\그물형 서버\staticserverlib\staticserverlib\x64\debug\tinyxmlerror.obj
c:\users\admin\desktop\졸업작품\그물형 서버\staticserverlib\staticserverlib\x64\debug\tinyxml.obj
c:\users\admin\desktop\졸업작품\그물형 서버\staticserverlib\staticserverlib\x64\debug\tinystr.obj
c:\users\admin\desktop\졸업작품\그물형 서버\staticserverlib\staticserverlib\x64\debug\clock.obj
c:\users\admin\desktop\졸업작품\그물형 서버\staticserverlib\staticserverlib\x64\debug\session.obj
c:\users\admin\desktop\졸업작품\그물형 서버\staticserverlib\staticserverlib\x64\debug\server.obj
c:\users\admin\desktop\졸업작품\그물형 서버\staticserverlib\staticserverlib\x64\debug\database.obj
c:\users\admin\desktop\졸업작품\그물형 서버\staticserverlib\staticserverlib\x64\debug\contentsprocess.obj
c:\users\admin\desktop\졸업작품\그물형 서버\staticserverlib\x64\debug\staticserverlib.lib
c:\users\admin\desktop\졸업작품\그물형 서버\staticserverlib\x64\debug\staticserverlib.pdb
c:\users\admin\desktop\졸업작품\그물형 서버\staticserverlib\staticserverlib\x64\debug\staticserverlib.tlog\cl.command.1.tlog
c:\users\admin\desktop\졸업작품\그물형 서버\staticserverlib\staticserverlib\x64\debug\staticserverlib.tlog\cl.read.1.tlog
c:\users\admin\desktop\졸업작품\그물형 서버\staticserverlib\staticserverlib\x64\debug\staticserverlib.tlog\cl.write.1.tlog
c:\users\admin\desktop\졸업작품\그물형 서버\staticserverlib\staticserverlib\x64\debug\staticserverlib.tlog\lib-link.read.1.tlog
c:\users\admin\desktop\졸업작품\그물형 서버\staticserverlib\staticserverlib\x64\debug\staticserverlib.tlog\lib-link.write.1.tlog
c:\users\admin\desktop\졸업작품\그물형 서버\staticserverlib\staticserverlib\x64\debug\staticserverlib.tlog\lib.command.1.tlog
