  stdafx.cpp
c:\users\kaios\desktop\졸업작품(0428)\0426\그물형 서버\서버졸업작품 -분산 작업 (2)\서버 졸업작품\dummyclient\iocpserver\logger.h(68): warning C4267: '초기화 중': 'size_t'에서 'int'(으)로 변환하면서 데이터가 손실될 수 있습니다.
c:\users\kaios\desktop\졸업작품(0428)\0426\그물형 서버\서버졸업작품 -분산 작업 (2)\서버 졸업작품\dummyclient\iocpserver\logger.h(71): warning C4267: '=': 'size_t'에서 'int'(으)로 변환하면서 데이터가 손실될 수 있습니다.
c:\users\kaios\desktop\졸업작품(0428)\0426\그물형 서버\서버졸업작품 -분산 작업 (2)\서버 졸업작품\dummyclient\iocpserver\packetclass.h(82): warning C4267: '초기화 중': 'size_t'에서 'int'(으)로 변환하면서 데이터가 손실될 수 있습니다.
c:\users\kaios\desktop\졸업작품(0428)\0426\그물형 서버\서버졸업작품 -분산 작업 (2)\서버 졸업작품\dummyclient\iocpserver\session.h(18): warning C4305: '초기화 중': 'double'에서 'float'(으)로 잘립니다.
  Clock.cpp
  ContentsProcess.cpp
  Database.cpp
  main.cpp
  PacketMaker.cpp
  PacketProcess.cpp
  Server.cpp
  Session.cpp
c:\users\kaios\desktop\졸업작품(0428)\0426\그물형 서버\서버졸업작품 -분산 작업 (2)\서버 졸업작품\dummyclient\iocpserver\session.cpp(332): warning C4244: '인수': 'std::chrono::system_clock::rep'에서 'unsigned int'(으)로 변환하면서 데이터가 손실될 수 있습니다.
  tinystr.cpp
  tinyxml.cpp
  tinyxmlerror.cpp
  tinyxmlparser.cpp
  코드를 생성하고 있습니다.
  All 2118 functions were compiled because no usable IPDB/IOBJ from previous compilation was found.
  코드를 생성했습니다.
  IOCPServer.vcxproj -> C:\Users\kaios\Desktop\졸업작품(0428)\0426\그물형 서버\서버졸업작품 -분산 작업 (2)\서버 졸업작품\DummyClient\x64\Release\DummyClient.exe
